<?xml version="1.0" encoding="UTF-8"?>
<!-- Generated by org.testng.reporters.JUnitReportReporter -->
<testsuite hostname="Nihals-MacBook-Air.local" name="testPackages.TestCases" tests="1" failures="0" timestamp="13 Aug 2019 18:49:46 GMT" time="0.315" errors="0">
  <testcase name="getSums" time="0.315" classname="testPackages.TestCases"/>
</testsuite> <!-- testPackages.TestCases -->
