<?xml version="1.0" encoding="UTF-8"?>
<!-- Generated by org.testng.reporters.JUnitReportReporter -->
<testsuite skipped="0" hostname="Nihals-MacBook-Air.local" name="com.flexonJuly2019.FirstMavenProject.TestNGPractiseSmoke" tests="2" failures="0" timestamp="06 Aug 2019 00:47:42 GMT" time="0.007" errors="0">
  <testcase name="test2" time="0.004" classname="com.flexonJuly2019.FirstMavenProject.TestNGPractiseSmoke"/>
  <testcase name="Test1" time="0.003" classname="com.flexonJuly2019.FirstMavenProject.TestNGPractiseSmoke"/>
</testsuite> <!-- com.flexonJuly2019.FirstMavenProject.TestNGPractiseSmoke -->
