<?xml version="1.0" encoding="UTF-8"?>
<!-- Generated by org.testng.reporters.JUnitReportReporter -->
<testsuite skipped="0" hostname="Nihals-MacBook-Air.local" name="com.flexonJuly2019.FirstMavenProject.TestNGPractiseSanity" tests="2" failures="0" timestamp="06 Aug 2019 00:46:26 GMT" time="0.041" errors="0">
  <testcase name="Test2" time="0.028" classname="com.flexonJuly2019.FirstMavenProject.TestNGPractiseSanity"/>
  <testcase name="test2" time="0.013" classname="com.flexonJuly2019.FirstMavenProject.TestNGPractiseSanity"/>
</testsuite> <!-- com.flexonJuly2019.FirstMavenProject.TestNGPractiseSanity -->
