<?xml version="1.0" encoding="UTF-8"?>
<!-- Generated by org.testng.reporters.JUnitReportReporter -->
<testsuite skipped="0" hostname="Nihals-MacBook-Air.local" name="com.flexonJuly2019.FirstMavenProject.TestNGBasics" tests="3" failures="0" timestamp="05 Aug 2019 22:05:54 GMT" time="0.028" errors="0">
  <testcase name="test1" time="0.016" classname="com.flexonJuly2019.FirstMavenProject.TestNGBasics"/>
  <testcase name="test3" time="0.006" classname="com.flexonJuly2019.FirstMavenProject.TestNGBasics"/>
  <testcase name="test2" time="0.006" classname="com.flexonJuly2019.FirstMavenProject.TestNGBasics"/>
</testsuite> <!-- com.flexonJuly2019.FirstMavenProject.TestNGBasics -->
