<?xml version="1.0" encoding="UTF-8"?>
<!-- Generated by org.testng.reporters.JUnitReportReporter -->
<testsuite skipped="0" hostname="Nihals-MacBook-Air.local" name="logging.LoggerTest" tests="1" failures="0" timestamp="06 Aug 2019 18:08:40 GMT" time="0.014" errors="0">
  <testcase name="testLogger" time="0.014" classname="logging.LoggerTest"/>
</testsuite> <!-- logging.LoggerTest -->
